# JRE version: OpenJDK Runtime Environment AdoptOpenJDK (14.0.2+12) (build 14.0.2+12)
# Java VM: OpenJDK 64-Bit Server VM AdoptOpenJDK (14.0.2+12, mixed mode, sharing, tiered, compressed oops, g1 gc, bsd-amd64)
Heap:
 garbage-first heap   total 159744K, used 51778K [0x0000000780000000, 0x0000000800000000)
  region size 1024K, 30 young (30720K), 7 survivors (7168K)
 Metaspace       used 41750K, capacity 43198K, committed 43440K, reserved 1087488K
  class space    used 5837K, capacity 6347K, committed 6400K, reserved 1048576K
GC Heap History (20 events):
Event: 4.216 GC heap before
{Heap before GC invocations=18 (full 0):
 garbage-first heap   total 106496K, used 78266K [0x0000000780000000, 0x0000000800000000)
  region size 1024K, 62 young (63488K), 5 survivors (5120K)
 Metaspace       used 29226K, capacity 30146K, committed 30512K, reserved 1075200K
  class space    used 4061K, capacity 4403K, committed 4480K, reserved 1048576K
}
Event: 4.223 GC heap after
{Heap after GC invocations=19 (full 0):
 garbage-first heap   total 149504K, used 20724K [0x0000000780000000, 0x0000000800000000)
  region size 1024K, 5 young (5120K), 5 survivors (5120K)
 Metaspace       used 29226K, capacity 30146K, committed 30512K, reserved 1075200K
  class space    used 4061K, capacity 4403K, committed 4480K, reserved 1048576K
}
Event: 4.617 GC heap before
{Heap before GC invocations=19 (full 0):
 garbage-first heap   total 149504K, used 104692K [0x0000000780000000, 0x0000000800000000)
  region size 1024K, 87 young (89088K), 5 survivors (5120K)
 Metaspace       used 30752K, capacity 31674K, committed 32048K, reserved 1077248K
  class space    used 4306K, capacity 4632K, committed 4736K, reserved 1048576K
}
Event: 4.622 GC heap after
{Heap after GC invocations=20 (full 0):
 garbage-first heap   total 149504K, used 21759K [0x0000000780000000, 0x0000000800000000)
  region size 1024K, 6 young (6144K), 6 survivors (6144K)
 Metaspace       used 30752K, capacity 31674K, committed 32048K, reserved 1077248K
  class space    used 4306K, capacity 4632K, committed 4736K, reserved 1048576K
}
Event: 4.977 GC heap before
{Heap before GC invocations=20 (full 0):
 garbage-first heap   total 149504K, used 104703K [0x0000000780000000, 0x0000000800000000)
  region size 1024K, 87 young (89088K), 6 survivors (6144K)
 Metaspace       used 33441K, capacity 34546K, committed 34736K, reserved 1079296K
  class space    used 4653K, capacity 5044K, committed 5120K, reserved 1048576K
}
Event: 4.983 GC heap after
{Heap after GC invocations=21 (full 0):
 garbage-first heap   total 149504K, used 22578K [0x0000000780000000, 0x0000000800000000)
  region size 1024K, 7 young (7168K), 7 survivors (7168K)
 Metaspace       used 33441K, capacity 34546K, committed 34736K, reserved 1079296K
  class space    used 4653K, capacity 5044K, committed 5120K, reserved 1048576K
}
Event: 5.155 GC heap before
{Heap before GC invocations=21 (full 0):
 garbage-first heap   total 149504K, used 64562K [0x0000000780000000, 0x0000000800000000)
  region size 1024K, 49 young (50176K), 7 survivors (7168K)
 Metaspace       used 34702K, capacity 35726K, committed 35888K, reserved 1079296K
  class space    used 4815K, capacity 5179K, committed 5248K, reserved 1048576K
}
Event: 5.161 GC heap after
{Heap after GC invocations=22 (full 0):
 garbage-first heap   total 149504K, used 23294K [0x0000000780000000, 0x0000000800000000)
  region size 1024K, 6 young (6144K), 6 survivors (6144K)
 Metaspace       used 34702K, capacity 35726K, committed 35888K, reserved 1079296K
  class space    used 4815K, capacity 5179K, committed 5248K, reserved 1048576K
}
Event: 5.463 GC heap before
{Heap before GC invocations=23 (full 0):
 garbage-first heap   total 96256K, used 83710K [0x0000000780000000, 0x0000000800000000)
  region size 1024K, 65 young (66560K), 6 survivors (6144K)
 Metaspace       used 36039K, capacity 37200K, committed 37424K, reserved 1081344K
  class space    used 5043K, capacity 5458K, committed 5504K, reserved 1048576K
}
Event: 5.473 GC heap after
{Heap after GC invocations=24 (full 0):
 garbage-first heap   total 122880K, used 24537K [0x0000000780000000, 0x0000000800000000)
  region size 1024K, 6 young (6144K), 6 survivors (6144K)
 Metaspace       used 36039K, capacity 37200K, committed 37424K, reserved 1081344K
  class space    used 5043K, capacity 5458K, committed 5504K, reserved 1048576K
}
Event: 5.831 GC heap before
{Heap before GC invocations=24 (full 0):
 garbage-first heap   total 122880K, used 91097K [0x0000000780000000, 0x0000000800000000)
  region size 1024K, 72 young (73728K), 6 survivors (6144K)
 Metaspace       used 37929K, capacity 39160K, committed 39472K, reserved 1083392K
  class space    used 5239K, capacity 5663K, committed 5760K, reserved 1048576K
}
Event: 5.841 GC heap after
{Heap after GC invocations=25 (full 0):
 garbage-first heap   total 122880K, used 25795K [0x0000000780000000, 0x0000000800000000)
  region size 1024K, 6 young (6144K), 6 survivors (6144K)
 Metaspace       used 37929K, capacity 39160K, committed 39472K, reserved 1083392K
  class space    used 5239K, capacity 5663K, committed 5760K, reserved 1048576K
}
Event: 6.106 GC heap before
{Heap before GC invocations=25 (full 0):
 garbage-first heap   total 122880K, used 97475K [0x0000000780000000, 0x0000000800000000)
  region size 1024K, 72 young (73728K), 6 survivors (6144K)
 Metaspace       used 38819K, capacity 40067K, committed 40368K, reserved 1083392K
  class space    used 5362K, capacity 5795K, committed 5888K, reserved 1048576K
}
Event: 6.116 GC heap after
{Heap after GC invocations=26 (full 0):
 garbage-first heap   total 122880K, used 26384K [0x0000000780000000, 0x0000000800000000)
  region size 1024K, 5 young (5120K), 5 survivors (5120K)
 Metaspace       used 38819K, capacity 40067K, committed 40368K, reserved 1083392K
  class space    used 5362K, capacity 5795K, committed 5888K, reserved 1048576K
}
Event: 6.461 GC heap before
{Heap before GC invocations=26 (full 0):
 garbage-first heap   total 122880K, used 94992K [0x0000000780000000, 0x0000000800000000)
  region size 1024K, 72 young (73728K), 5 survivors (5120K)
 Metaspace       used 39690K, capacity 41009K, committed 41264K, reserved 1085440K
  class space    used 5519K, capacity 5986K, committed 6016K, reserved 1048576K
}
Event: 6.470 GC heap after
{Heap after GC invocations=27 (full 0):
 garbage-first heap   total 122880K, used 27441K [0x0000000780000000, 0x0000000800000000)
  region size 1024K, 5 young (5120K), 5 survivors (5120K)
 Metaspace       used 39690K, capacity 41009K, committed 41264K, reserved 1085440K
  class space    used 5519K, capacity 5986K, committed 6016K, reserved 1048576K
}
Event: 6.760 GC heap before
{Heap before GC invocations=27 (full 0):
 garbage-first heap   total 122880K, used 96049K [0x0000000780000000, 0x0000000800000000)
  region size 1024K, 72 young (73728K), 5 survivors (5120K)
 Metaspace       used 40550K, capacity 41934K, committed 42288K, reserved 1085440K
  class space    used 5656K, capacity 6168K, committed 6272K, reserved 1048576K
}
Event: 6.770 GC heap after
{Heap after GC invocations=28 (full 0):
 garbage-first heap   total 159744K, used 28420K [0x0000000780000000, 0x0000000800000000)
  region size 1024K, 6 young (6144K), 6 survivors (6144K)
 Metaspace       used 40550K, capacity 41934K, committed 42288K, reserved 1085440K
  class space    used 5656K, capacity 6168K, committed 6272K, reserved 1048576K
}
Event: 14.789 GC heap before
{Heap before GC invocations=28 (full 0):
 garbage-first heap   total 159744K, used 117508K [0x0000000780000000, 0x0000000800000000)
  region size 1024K, 93 young (95232K), 6 survivors (6144K)
 Metaspace       used 41730K, capacity 43195K, committed 43440K, reserved 1087488K
  class space    used 5834K, capacity 6346K, committed 6400K, reserved 1048576K
}
Event: 14.796 GC heap after
{Heap after GC invocations=29 (full 0):
 garbage-first heap   total 159744K, used 29250K [0x0000000780000000, 0x0000000800000000)
  region size 1024K, 7 young (7168K), 7 survivors (7168K)
 Metaspace       used 41730K, capacity 43195K, committed 43440K, reserved 1087488K
  class space    used 5834K, capacity 6346K, committed 6400K, reserved 1048576K
}

